*** WARNING *** The program 'nodejs' uses the Apple Bonjour compatibility layer of Avahi.
*** WARNING *** Please fix your application to use the native API of Avahi!
*** WARNING *** For more information see <http://0pointer.de/avahi-compat?s=libdns_sd&e=nodejs>
*** WARNING *** The program 'nodejs' called 'DNSServiceRegister()' which is not supported (or only supported partially) in the Apple Bonjour compatibility layer of Avahi.
*** WARNING *** Please fix your application to use the native API of Avahi!
*** WARNING *** For more information see <http://0pointer.de/avahi-compat?s=libdns_sd&e=nodejs&f=DNSServiceRegister>
[12/19/2017, 10:07:09 PM] Loaded plugin: homebridge-yombo
[12/19/2017, 10:07:09 PM] Registering platform 'homebridge-yombo.Yombo'
[12/19/2017, 10:07:09 PM] ---
[12/19/2017, 10:07:09 PM] Loaded config.json with 0 accessories and 1 platforms.
[12/19/2017, 10:07:09 PM] ---
[12/19/2017, 10:07:09 PM] Loading 1 platforms...
[12/19/2017, 10:07:09 PM] [Yombo] Initializing Yombo platform...
[12/19/2017, 10:07:09 PM] [Yombo] Connecting to Yombo event stream: http://localhost:8080/api/v1/stream}
[12/19/2017, 10:07:09 PM] [Yombo] Fetching Yombo devices.
Request options: {}
Request final url: http://localhost:8080/api/v1/device
[12/19/2017, 10:07:09 PM] [Yombo] Good platform type: climate :: Kelvin
[12/19/2017, 10:07:09 PM] [Yombo] Good platform type: light :: House Front Porch String Light
[12/19/2017, 10:07:09 PM] [Yombo] Good platform type: light :: House Den Light
[12/19/2017, 10:07:09 PM] [Yombo] Good platform type: light :: House Front Porch Light
[12/19/2017, 10:07:09 PM] [Yombo] Bad platform type: appliance :: House Whole House Fan
[12/19/2017, 10:07:09 PM] [Yombo] Good platform type: light :: House Hallway Light
[12/19/2017, 10:07:09 PM] [Yombo] Bad platform type: device :: House Backyard Zazu device to file
[12/19/2017, 10:07:09 PM] [Yombo] Bad platform type: relay :: House Family Room red led status
[12/19/2017, 10:07:09 PM] [Yombo] Good platform type: sensor :: House Garage Car Door Closed
[12/19/2017, 10:07:09 PM] [Yombo] Good platform type: sensor :: House Garage Car Door Open
[12/19/2017, 10:07:09 PM] [Yombo] Good platform type: sensor :: House Garage Car Door Venting
[12/19/2017, 10:07:09 PM] [Yombo] Good platform type: sensor :: House Garage Motion
[12/19/2017, 10:07:09 PM] [Yombo] Good platform type: sensor :: House Front Porch Motion
[12/19/2017, 10:07:09 PM] [Yombo] Good platform type: sensor :: House Garage Side Yard Motion
[12/19/2017, 10:07:09 PM] [Yombo] Good platform type: sensor :: House Garage Door Allow Automation Control
[12/19/2017, 10:07:09 PM] [Yombo] Good platform type: sensor :: House Garage Door Allow Auto Close
[12/19/2017, 10:07:09 PM] [Yombo] Good platform type: sensor :: House Garage Home Away Toggle
[12/19/2017, 10:07:09 PM] [Yombo] Bad platform type: relay :: House Garage Car Door Control
[12/19/2017, 10:07:09 PM] [Yombo] Bad platform type: thermometer :: House Front Porch Temperature
[12/19/2017, 10:07:09 PM] [Yombo] found: [object Object],[object Object],[object Object],[object Object],[object Object]
[12/19/2017, 10:07:09 PM] [Yombo] Initializing platform accessory 'Kelvin'...
[12/19/2017, 10:07:09 PM] [Yombo] Initializing platform accessory 'House Front Porch String Light'...
[12/19/2017, 10:07:09 PM] [Yombo] Initializing platform accessory 'House Den Light'...
[12/19/2017, 10:07:09 PM] [Yombo] Initializing platform accessory 'House Front Porch Light'...
[12/19/2017, 10:07:09 PM] [Yombo] Initializing platform accessory 'House Hallway Light'...
Setup Payload:
X-HM://0023ZKE9ON8N7
Scan this code with your HomeKit app on your iOS device to pair with Homebridge:
[47m  [0m[47m  [0m[47m  [0m[47m  [0m[47m  [0m[47m  [0m[47m  [0m[47m  [0m[47m  [0m[47m  [0m[47m  [0m[47m  [0m[47m  [0m[47m  [0m[47m  [0m[47m  [0m[47m  [0m[47m  [0m[47m  [0m[47m  [0m[47m  [0m[47m  [0m[47m  [0m[47m  [0m[47m  [0m[47m  [0m[47m  [0m
[47m  [0m[40m  [0m[40m  [0m[40m  [0m[40m  [0m[40m  [0m[40m  [0m[40m  [0m[47m  [0m[47m  [0m[47m  [0m[40m  [0m[47m  [0m[47m  [0m[40m  [0m[47m  [0m[40m  [0m[40m  [0m[47m  [0m[40m  [0m[40m  [0m[40m  [0m[40m  [0m[40m  [0m[40m  [0m[40m  [0m[47m  [0m
[47m  [0m[40m  [0m[47m  [0m[47m  [0m[47m  [0m[47m  [0m[47m  [0m[40m  [0m[47m  [0m[40m  [0m[40m  [0m[40m  [0m[47m  [0m[47m  [0m[47m  [0m[47m  [0m[40m  [0m[40m  [0m[47m  [0m[40m  [0m[47m  [0m[47m  [0m[47m  [0m[47m  [0m[47m  [0m[40m  [0m[47m  [0m
[47m  [0m[40m  [0m[47m  [0m[40m  [0m[40m  [0m[40m  [0m[47m  [0m[40m  [0m[47m  [0m[40m  [0m[47m  [0m[47m  [0m[47m  [0m[47m  [0m[47m  [0m[47m  [0m[40m  [0m[47m  [0m[47m  [0m[40m  [0m[47m  [0m[40m  [0m[40m  [0m[40m  [0m[47m  [0m[40m  [0m[47m  [0m
[47m  [0m[40m  [0m[47m  [0m[40m  [0m[40m  [0m[40m  [0m[47m  [0m[40m  [0m[47m  [0m[47m  [0m[40m  [0m[47m  [0m[47m  [0m[40m  [0m[40m  [0m[40m  [0m[47m  [0m[47m  [0m[47m  [0m[40m  [0m[47m  [0m[40m  [0m[40m  [0m[40m  [0m[47m  [0m[40m  [0m[47m  [0m
[47m  [0m[40m  [0m[47m  [0m[40m  [0m[40m  [0m[40m  [0m[47m  [0m[40m  [0m[47m  [0m[40m  [0m[40m  [0m[40m  [0m[47m  [0m[40m  [0m[47m  [0m[40m  [0m[47m  [0m[40m  [0m[47m  [0m[40m  [0m[47m  [0m[40m  [0m[40m  [0m[40m  [0m[47m  [0m[40m  [0m[47m  [0m
[47m  [0m[40m  [0m[47m  [0m[47m  [0m[47m  [0m[47m  [0m[47m  [0m[40m  [0m[47m  [0m[40m  [0m[47m  [0m[40m  [0m[47m  [0m[40m  [0m[47m  [0m[47m  [0m[40m  [0m[40m  [0m[47m  [0m[40m  [0m[47m  [0m[47m  [0m[47m  [0m[47m  [0m[47m  [0m[40m  [0m[47m  [0m
[47m  [0m[40m  [0m[40m  [0m[40m  [0m[40m  [0m[40m  [0m[40m  [0m[40m  [0m[47m  [0m[40m  [0m[47m  [0m[40m  [0m[47m  [0m[40m  [0m[47m  [0m[40m  [0m[47m  [0m[40m  [0m[47m  [0m[40m  [0m[40m  [0m[40m  [0m[40m  [0m[40m  [0m[40m  [0m[40m  [0m[47m  [0m
[47m  [0m[47m  [0m[47m  [0m[47m  [0m[47m  [0m[47m  [0m[47m  [0m[47m  [0m[47m  [0m[40m  [0m[47m  [0m[40m  [0m[40m  [0m[47m  [0m[47m  [0m[47m  [0m[47m  [0m[47m  [0m[47m  [0m[47m  [0m[47m  [0m[47m  [0m[47m  [0m[47m  [0m[47m  [0m[47m  [0m[47m  [0m
[47m  [0m[40m  [0m[40m  [0m[47m  [0m[40m  [0m[47m  [0m[47m  [0m[40m  [0m[40m  [0m[47m  [0m[47m  [0m[47m  [0m[40m  [0m[40m  [0m[40m  [0m[47m  [0m[40m  [0m[40m  [0m[47m  [0m[40m  [0m[40m  [0m[40m  [0m[47m  [0m[40m  [0m[40m  [0m[47m  [0m[47m  [0m
[47m  [0m[47m  [0m[40m  [0m[40m  [0m[40m  [0m[40m  [0m[47m  [0m[47m  [0m[47m  [0m[47m  [0m[40m  [0m[47m  [0m[40m  [0m[40m  [0m[40m  [0m[40m  [0m[40m  [0m[40m  [0m[47m  [0m[40m  [0m[40m  [0m[47m  [0m[40m  [0m[40m  [0m[40m  [0m[47m  [0m[47m  [0m
[47m  [0m[40m  [0m[40m  [0m[40m  [0m[40m  [0m[40m  [0m[47m  [0m[40m  [0m[40m  [0m[47m  [0m[47m  [0m[47m  [0m[40m  [0m[40m  [0m[47m  [0m[47m  [0m[47m  [0m[40m  [0m[47m  [0m[40m  [0m[40m  [0m[40m  [0m[47m  [0m[47m  [0m[40m  [0m[40m  [0m[47m  [0m
[47m  [0m[40m  [0m[47m  [0m[47m  [0m[47m  [0m[47m  [0m[40m  [0m[47m  [0m[47m  [0m[47m  [0m[40m  [0m[40m  [0m[40m  [0m[40m  [0m[40m  [0m[47m  [0m[40m  [0m[47m  [0m[47m  [0m[40m  [0m[40m  [0m[40m  [0m[47m  [0m[47m  [0m[40m  [0m[47m  [0m[47m  [0m
[47m  [0m[40m  [0m[47m  [0m[40m  [0m[47m  [0m[47m  [0m[47m  [0m[40m  [0m[40m  [0m[40m  [0m[47m  [0m[40m  [0m[40m  [0m[47m  [0m[47m  [0m[40m  [0m[40m  [0m[47m  [0m[47m  [0m[40m  [0m[40m  [0m[47m  [0m[47m  [0m[40m  [0m[40m  [0m[47m  [0m[47m  [0m
[47m  [0m[47m  [0m[40m  [0m[40m  [0m[47m  [0m[47m  [0m[47m  [0m[47m  [0m[47m  [0m[40m  [0m[47m  [0m[47m  [0m[40m  [0m[47m  [0m[40m  [0m[47m  [0m[47m  [0m[40m  [0m[47m  [0m[40m  [0m[47m  [0m[47m  [0m[47m  [0m[47m  [0m[40m  [0m[40m  [0m[47m  [0m
[47m  [0m[40m  [0m[47m  [0m[47m  [0m[40m  [0m[47m  [0m[47m  [0m[40m  [0m[47m  [0m[40m  [0m[47m  [0m[40m  [0m[40m  [0m[47m  [0m[40m  [0m[40m  [0m[47m  [0m[47m  [0m[40m  [0m[40m  [0m[47m  [0m[47m  [0m[40m  [0m[40m  [0m[40m  [0m[40m  [0m[47m  [0m
[47m  [0m[47m  [0m[40m  [0m[40m  [0m[40m  [0m[40m  [0m[47m  [0m[47m  [0m[47m  [0m[40m  [0m[47m  [0m[47m  [0m[40m  [0m[47m  [0m[47m  [0m[47m  [0m[40m  [0m[40m  [0m[47m  [0m[40m  [0m[40m  [0m[47m  [0m[40m  [0m[47m  [0m[40m  [0m[47m  [0m[47m  [0m
[47m  [0m[40m  [0m[40m  [0m[47m  [0m[40m  [0m[40m  [0m[47m  [0m[40m  [0m[47m  [0m[47m  [0m[40m  [0m[47m  [0m[47m  [0m[40m  [0m[40m  [0m[47m  [0m[47m  [0m[40m  [0m[40m  [0m[40m  [0m[40m  [0m[40m  [0m[40m  [0m[40m  [0m[47m  [0m[47m  [0m[47m  [0m
[47m  [0m[47m  [0m[47m  [0m[47m  [0m[47m  [0m[47m  [0m[47m  [0m[47m  [0m[47m  [0m[40m  [0m[40m  [0m[47m  [0m[47m  [0m[40m  [0m[40m  [0m[40m  [0m[40m  [0m[40m  [0m[47m  [0m[47m  [0m[47m  [0m[40m  [0m[40m  [0m[40m  [0m[40m  [0m[47m  [0m[47m  [0m
[47m  [0m[40m  [0m[40m  [0m[40m  [0m[40m  [0m[40m  [0m[40m  [0m[40m  [0m[47m  [0m[40m  [0m[40m  [0m[40m  [0m[40m  [0m[40m  [0m[47m  [0m[40m  [0m[47m  [0m[40m  [0m[47m  [0m[40m  [0m[47m  [0m[40m  [0m[47m  [0m[47m  [0m[40m  [0m[40m  [0m[47m  [0m
[47m  [0m[40m  [0m[47m  [0m[47m  [0m[47m  [0m[47m  [0m[47m  [0m[40m  [0m[47m  [0m[47m  [0m[40m  [0m[47m  [0m[47m  [0m[40m  [0m[47m  [0m[40m  [0m[47m  [0m[40m  [0m[47m  [0m[47m  [0m[47m  [0m[40m  [0m[40m  [0m[40m  [0m[40m  [0m[47m  [0m[47m  [0m
[47m  [0m[40m  [0m[47m  [0m[40m  [0m[40m  [0m[40m  [0m[47m  [0m[40m  [0m[47m  [0m[47m  [0m[47m  [0m[47m  [0m[47m  [0m[47m  [0m[47m  [0m[47m  [0m[47m  [0m[40m  [0m[40m  [0m[40m  [0m[40m  [0m[40m  [0m[47m  [0m[47m  [0m[47m  [0m[40m  [0m[47m  [0m
[47m  [0m[40m  [0m[47m  [0m[40m  [0m[40m  [0m[40m  [0m[47m  [0m[40m  [0m[47m  [0m[40m  [0m[40m  [0m[47m  [0m[40m  [0m[47m  [0m[47m  [0m[40m  [0m[47m  [0m[40m  [0m[47m  [0m[47m  [0m[47m  [0m[40m  [0m[47m  [0m[40m  [0m[47m  [0m[47m  [0m[47m  [0m
[47m  [0m[40m  [0m[47m  [0m[40m  [0m[40m  [0m[40m  [0m[47m  [0m[40m  [0m[47m  [0m[47m  [0m[47m  [0m[40m  [0m[47m  [0m[47m  [0m[47m  [0m[47m  [0m[47m  [0m[40m  [0m[40m  [0m[40m  [0m[40m  [0m[40m  [0m[40m  [0m[40m  [0m[47m  [0m[40m  [0m[47m  [0m
[47m  [0m[40m  [0m[47m  [0m[47m  [0m[47m  [0m[47m  [0m[47m  [0m[40m  [0m[47m  [0m[40m  [0m[47m  [0m[47m  [0m[47m  [0m[47m  [0m[47m  [0m[40m  [0m[40m  [0m[47m  [0m[47m  [0m[40m  [0m[47m  [0m[47m  [0m[40m  [0m[47m  [0m[47m  [0m[47m  [0m[47m  [0m
[47m  [0m[40m  [0m[40m  [0m[40m  [0m[40m  [0m[40m  [0m[40m  [0m[40m  [0m[47m  [0m[40m  [0m[40m  [0m[40m  [0m[47m  [0m[40m  [0m[47m  [0m[47m  [0m[40m  [0m[40m  [0m[47m  [0m[47m  [0m[40m  [0m[47m  [0m[47m  [0m[47m  [0m[40m  [0m[40m  [0m[47m  [0m
[47m  [0m[47m  [0m[47m  [0m[47m  [0m[47m  [0m[47m  [0m[47m  [0m[47m  [0m[47m  [0m[47m  [0m[47m  [0m[47m  [0m[47m  [0m[47m  [0m[47m  [0m[47m  [0m[47m  [0m[47m  [0m[47m  [0m[47m  [0m[47m  [0m[47m  [0m[47m  [0m[47m  [0m[47m  [0m[47m  [0m[47m  [0m
Or enter this code with your HomeKit app on your iOS device to pair with Homebridge:
                       
    â”Œâ”€â”€â”€â”€â”€â”€â”€â”€â”€â”€â”€â”€â”     
    â”‚ 312-98-620 â”‚     
    â””â”€â”€â”€â”€â”€â”€â”€â”€â”€â”€â”€â”€â”˜     
                       
Item: [object Object]
Kelvin: setStatus bad status_current: null
Item: [object Object]
[12/19/2017, 10:07:09 PM] [Yombo] House Front Porch String Light: running startup!
[12/19/2017, 10:07:09 PM] [Yombo] House Front Porch String Light: setStatus: setting last_status 1513750030
[12/19/2017, 10:07:09 PM] [Yombo] House Front Porch String Light: setStatus: newstatus: "0" -> false
Item: [object Object]
[12/19/2017, 10:07:09 PM] [Yombo] House Den Light: running startup!
[12/19/2017, 10:07:09 PM] [Yombo] House Den Light: setStatus bad status_current: null
Item: [object Object]
[12/19/2017, 10:07:09 PM] [Yombo] House Front Porch Light: running startup!
[12/19/2017, 10:07:09 PM] [Yombo] House Front Porch Light: setStatus: setting last_status 1513750030
[12/19/2017, 10:07:09 PM] [Yombo] House Front Porch Light: setStatus: newstatus: "0.5" -> true
[12/19/2017, 10:07:09 PM] [Yombo] House Front Porch Light: setStatus: brightness: 0
Item: [object Object]
[12/19/2017, 10:07:09 PM] [Yombo] House Hallway Light: running startup!
[12/19/2017, 10:07:09 PM] [Yombo] House Hallway Light: setStatus bad status_current: null
events.js:163
      throw er; // Unhandled 'error' event
      ^

Error: listen EADDRINUSE :::51826
    at Object.exports._errnoException (util.js:1050:11)
    at exports._exceptionWithHostPort (util.js:1073:20)
    at Server.setupListenHandle [as _listen2] (net.js:1259:14)
    at listenInCluster (net.js:1307:12)
    at Server.listen (net.js:1406:7)
    at EventedHTTPServer.listen (/usr/lib/node_modules/homebridge/node_modules/hap-nodejs/lib/util/eventedhttp.js:60:19)
    at HAPServer.listen (/usr/lib/node_modules/homebridge/node_modules/hap-nodejs/lib/HAPServer.js:158:20)
    at Bridge.Accessory.publish (/usr/lib/node_modules/homebridge/node_modules/hap-nodejs/lib/Accessory.js:601:16)
    at Server._publish (/usr/lib/node_modules/homebridge/lib/server.js:126:16)
    at Server.<anonymous> (/usr/lib/node_modules/homebridge/lib/server.js:382:14)
